<?xml version="1.0" encoding="UTF-8"?>
<testsuite xmlns:xsi="http://www.w3.org/2001/XMLSchema-instance" xsi:noNamespaceSchemaLocation="https://maven.apache.org/surefire/maven-surefire-plugin/xsd/surefire-test-report.xsd" version="3.0.2" name="com.neerajteja.quiz_leaderboard.QuizLeaderboardApplicationTests" time="1.147" tests="1" errors="0" skipped="0" failures="0" flakes="0">
  <properties>
[...]
</properties>
  <testcase name="contextLoads" classname="com.neerajteja.quiz_leaderboard.QuizLeaderboardApplicationTests" time="0.381">
    <system-out><![CDATA[19:19:32.844 [main] INFO org.springframework.test.context.support.AnnotationConfigContextLoaderUtils -- Could not detect default configuration classes for test class [com.neerajteja.quiz_leaderboard.QuizLeaderboardApplicationTests]: QuizLeaderboardApplicationTests does not declare any static, non-private, non-final, nested classes annotated with @Configuration.
19:19:32.900 [main] INFO org.springframework.boot.test.context.SpringBootTestContextBootstrapper -- Found @SpringBootConfiguration com.neerajteja.quiz_leaderboard.QuizLeaderboardApplication for test class com.neerajteja.quiz_leaderboard.QuizLeaderboardApplicationTests

  .   ____          _            __ _ _
 /\\ / ___'_ __ _ _(_)_ __  __ _ \ \ \ \
( ( )\___ | '_ | '_| | '_ \/ _` | \ \ \ \
 \\/  ___)| |_)| | | | | || (_| |  ) ) ) )
  '  |____| .__|_| |_|_| |_\__, | / / / /
 =========|_|==============|___/=/_/_/_/

 :: Spring Boot ::               (v3.5.14)

2026-04-24T19:19:33.086+05:30  INFO 33199 --- [quiz-leaderboard] [           main] c.n.q.QuizLeaderboardApplicationTests    : Starting QuizLeaderboardApplicationTests using Java 25.0.2 with PID 33199 (started by neerajkalepu in /Users/neerajkalepu/Downloads/quiz-leaderboard)
2026-04-24T19:19:33.087+05:30  INFO 33199 --- [quiz-leaderboard] [           main] c.n.q.QuizLeaderboardApplicationTests    : No active profile set, falling back to 1 default profile: "default"
2026-04-24T19:19:33.530+05:30  INFO 33199 --- [quiz-leaderboard] [           main] c.n.q.QuizLeaderboardApplicationTests    : Started QuizLeaderboardApplicationTests in 0.559 seconds (process running for 1.0)
]]></system-out>
    <system-err><![CDATA[Mockito is currently self-attaching to enable the inline-mock-maker. This will no longer work in future releases of the JDK. Please add Mockito as an agent to your build as described in Mockito's documentation: https://javadoc.io/doc/org.mockito/mockito-core/latest/org.mockito/org/mockito/Mockito.html#0.3
WARNING: A Java agent has been loaded dynamically (/Users/neerajkalepu/.m2/repository/net/bytebuddy/byte-buddy-agent/1.17.8/byte-buddy-agent-1.17.8.jar)
WARNING: If a serviceability tool is in use, please run with -XX:+EnableDynamicAgentLoading to hide this warning
WARNING: If a serviceability tool is not in use, please run with -Djdk.instrument.traceUsage for more information
WARNING: Dynamic loading of agents will be disallowed by default in a future release
]]></system-err>
  </testcase>
</testsuite>